<?xml version="1.0" encoding="UTF-8"?>
<testsuite xmlns:xsi="http://www.w3.org/2001/XMLSchema-instance" xsi:noNamespaceSchemaLocation="https://maven.apache.org/surefire/maven-surefire-plugin/xsd/surefire-test-report-3.0.xsd" version="3.0" name="com.usds.regulations.controller.DownloadEndpointTests" time="9.814" tests="1" errors="0" skipped="0" failures="0">
  <properties>
[...]
</properties>
  <testcase name="testTitle7RegulationsEndpoint" classname="com.usds.regulations.controller.DownloadEndpointTests" time="2.982">
    <system-out><![CDATA[
  .   ____          _            __ _ _
 /\\ / ___'_ __ _ _(_)_ __  __ _ \ \ \ \
( ( )\___ | '_ | '_| | '_ \/ _` | \ \ \ \
 \\/  ___)| |_)| | | | | || (_| |  ) ) ) )
  '  |____| .__|_| |_|_| |_\__, | / / / /
 =========|_|==============|___/=/_/_/_/
 :: Spring Boot ::                (v3.1.5)

2025-09-22T11:09:58.870-04:00  INFO 85024 --- [           main] c.u.r.controller.DownloadEndpointTests   : Starting DownloadEndpointTests using Java 17.0.12 with PID 85024 (started by dnmor in C:\Users\dnmor\OneDrive\Public\Programming\DevOps2025\workspace\USDS _Regulatory_Analysis\backend)
2025-09-22T11:09:58.875-04:00  INFO 85024 --- [           main] c.u.r.controller.DownloadEndpointTests   : The following 1 profile is active: "test"
2025-09-22T11:09:59.581-04:00  INFO 85024 --- [           main] .s.d.r.c.RepositoryConfigurationDelegate : Bootstrapping Spring Data JPA repositories in DEFAULT mode.
2025-09-22T11:09:59.650-04:00  INFO 85024 --- [           main] .s.d.r.c.RepositoryConfigurationDelegate : Finished Spring Data repository scanning in 56 ms. Found 1 JPA repository interfaces.
2025-09-22T11:10:00.440-04:00  INFO 85024 --- [           main] o.s.b.w.embedded.tomcat.TomcatWebServer  : Tomcat initialized with port(s): 0 (http)
2025-09-22T11:10:00.452-04:00  INFO 85024 --- [           main] o.apache.catalina.core.StandardService   : Starting service [Tomcat]
2025-09-22T11:10:00.453-04:00  INFO 85024 --- [           main] o.apache.catalina.core.StandardEngine    : Starting Servlet engine: [Apache Tomcat/10.1.15]
2025-09-22T11:10:00.606-04:00  INFO 85024 --- [           main] o.a.c.c.C.[Tomcat].[localhost].[/]       : Initializing Spring embedded WebApplicationContext
2025-09-22T11:10:00.608-04:00  INFO 85024 --- [           main] w.s.c.ServletWebServerApplicationContext : Root WebApplicationContext: initialization completed in 1707 ms
2025-09-22T11:10:00.679-04:00  INFO 85024 --- [           main] com.zaxxer.hikari.HikariDataSource       : HikariPool-1 - Starting...
2025-09-22T11:10:01.035-04:00  INFO 85024 --- [           main] com.zaxxer.hikari.pool.HikariPool        : HikariPool-1 - Added connection conn0: url=jdbc:h2:mem:testdb user=SA
2025-09-22T11:10:01.036-04:00  INFO 85024 --- [           main] com.zaxxer.hikari.HikariDataSource       : HikariPool-1 - Start completed.
2025-09-22T11:10:01.052-04:00  INFO 85024 --- [           main] o.s.b.a.h2.H2ConsoleAutoConfiguration    : H2 console available at '/h2-console'. Database available at 'jdbc:h2:mem:testdb'
2025-09-22T11:10:01.284-04:00  INFO 85024 --- [           main] o.hibernate.jpa.internal.util.LogHelper  : HHH000204: Processing PersistenceUnitInfo [name: default]
2025-09-22T11:10:01.450-04:00  INFO 85024 --- [           main] org.hibernate.Version                    : HHH000412: Hibernate ORM core version 6.2.13.Final
2025-09-22T11:10:01.455-04:00  INFO 85024 --- [           main] org.hibernate.cfg.Environment            : HHH000406: Using bytecode reflection optimizer
2025-09-22T11:10:01.873-04:00  INFO 85024 --- [           main] o.s.o.j.p.SpringPersistenceUnitInfo      : No LoadTimeWeaver setup: ignoring JPA class transformer
2025-09-22T11:10:01.927-04:00  WARN 85024 --- [           main] org.hibernate.orm.deprecation            : HHH90000025: H2Dialect does not need to be specified explicitly using 'hibernate.dialect' (remove the property setting and it will be selected by default)
2025-09-22T11:10:02.824-04:00  INFO 85024 --- [           main] o.h.e.t.j.p.i.JtaPlatformInitiator       : HHH000489: No JTA platform available (set 'hibernate.transaction.jta.platform' to enable JTA platform integration)
2025-09-22T11:10:02.839-04:00 DEBUG 85024 --- [           main] org.hibernate.SQL                        : 
    drop table if exists regulations cascade 
Hibernate: 
    drop table if exists regulations cascade 
2025-09-22T11:10:02.850-04:00 DEBUG 85024 --- [           main] org.hibernate.SQL                        : 
    create table regulations (
        cfr_title integer not null,
        word_count integer,
        created_at timestamp(6),
        id bigint generated by default as identity,
        updated_at timestamp(6),
        part_number varchar(50) not null,
        content_checksum varchar(64),
        title varchar(1000) not null,
        agency_name varchar(255),
        content TEXT,
        primary key (id)
    )
Hibernate: 
    create table regulations (
        cfr_title integer not null,
        word_count integer,
        created_at timestamp(6),
        id bigint generated by default as identity,
        updated_at timestamp(6),
        part_number varchar(50) not null,
        content_checksum varchar(64),
        title varchar(1000) not null,
        agency_name varchar(255),
        content TEXT,
        primary key (id)
    )
2025-09-22T11:10:02.861-04:00 DEBUG 85024 --- [           main] org.hibernate.SQL                        : 
    create index idx_cfr_title 
       on regulations (cfr_title)
Hibernate: 
    create index idx_cfr_title 
       on regulations (cfr_title)
2025-09-22T11:10:02.863-04:00 DEBUG 85024 --- [           main] org.hibernate.SQL                        : 
    create index idx_part_number 
       on regulations (part_number)
Hibernate: 
    create index idx_part_number 
       on regulations (part_number)
2025-09-22T11:10:02.865-04:00 DEBUG 85024 --- [           main] org.hibernate.SQL                        : 
    create index idx_cfr_title_part 
       on regulations (cfr_title, part_number)
Hibernate: 
    create index idx_cfr_title_part 
       on regulations (cfr_title, part_number)
2025-09-22T11:10:02.869-04:00  INFO 85024 --- [           main] j.LocalContainerEntityManagerFactoryBean : Initialized JPA EntityManagerFactory for persistence unit 'default'
2025-09-22T11:10:03.278-04:00  INFO 85024 --- [           main] o.s.d.j.r.query.QueryEnhancerFactory     : Hibernate is in classpath; If applicable, HQL parser will be used.
2025-09-22T11:10:04.296-04:00  WARN 85024 --- [           main] JpaBaseConfiguration$JpaWebConfiguration : spring.jpa.open-in-view is enabled by default. Therefore, database queries may be performed during view rendering. Explicitly configure spring.jpa.open-in-view to disable this warning
2025-09-22T11:10:04.955-04:00  INFO 85024 --- [           main] o.s.b.w.embedded.tomcat.TomcatWebServer  : Tomcat started on port(s): 59595 (http) with context path ''
2025-09-22T11:10:04.966-04:00  INFO 85024 --- [           main] c.u.r.controller.DownloadEndpointTests   : Started DownloadEndpointTests in 6.413 seconds (process running for 7.399)
2025-09-22T11:10:05.690-04:00 DEBUG 85024 --- [           main] org.hibernate.SQL                        : 
    select
        r1_0.id,
        r1_0.agency_name,
        r1_0.cfr_title,
        r1_0.content,
        r1_0.content_checksum,
        r1_0.created_at,
        r1_0.part_number,
        r1_0.title,
        r1_0.updated_at,
        r1_0.word_count 
    from
        regulations r1_0
Hibernate: 
    select
        r1_0.id,
        r1_0.agency_name,
        r1_0.cfr_title,
        r1_0.content,
        r1_0.content_checksum,
        r1_0.created_at,
        r1_0.part_number,
        r1_0.title,
        r1_0.updated_at,
        r1_0.word_count 
    from
        regulations r1_0
2025-09-22T11:10:05.808-04:00  INFO 85024 --- [o-auto-1-exec-2] o.a.c.c.C.[Tomcat].[localhost].[/]       : Initializing Spring DispatcherServlet 'dispatcherServlet'
2025-09-22T11:10:05.808-04:00  INFO 85024 --- [o-auto-1-exec-2] o.s.web.servlet.DispatcherServlet        : Initializing Servlet 'dispatcherServlet'
2025-09-22T11:10:05.809-04:00  INFO 85024 --- [o-auto-1-exec-2] o.s.web.servlet.DispatcherServlet        : Completed initialization in 1 ms
2025-09-22T11:10:05.843-04:00  INFO 85024 --- [o-auto-1-exec-2] c.u.r.controller.TestController          : Test download endpoint called
2025-09-22T11:10:05.843-04:00  INFO 85024 --- [o-auto-1-exec-2] c.u.regulations.service.EcfrApiService   : Starting download of CFR Title 7 (Agriculture) regulations using eCFR API
2025-09-22T11:10:05.843-04:00  INFO 85024 --- [o-auto-1-exec-2] c.u.regulations.service.EcfrApiService   : Fetching Title 7 structure from: https://www.ecfr.gov/api/versioner/v1/structure/2025-09-22/title-7.json
2025-09-22T11:10:06.165-04:00  WARN 85024 --- [o-auto-1-exec-2] c.u.regulations.service.EcfrApiService   : Could not fetch structure from API: 404 Not Found: "{"error":"The requested date 2025-09-22 is past the title's most recent issue date of 2025-09-18, see https://www.ecfr.gov/api/versioner/v1/titles for details"}"
2025-09-22T11:10:06.166-04:00  INFO 85024 --- [o-auto-1-exec-2] c.u.regulations.service.EcfrApiService   : Searching for Title 7 parts: https://www.ecfr.gov/api/search/v1/results?query=title:7&per_page=50
2025-09-22T11:10:06.601-04:00  INFO 85024 --- [o-auto-1-exec-2] c.u.regulations.service.EcfrApiService   : Using fallback part numbers for Title 7
2025-09-22T11:10:06.601-04:00  INFO 85024 --- [o-auto-1-exec-2] c.u.regulations.service.EcfrApiService   : Found 20 parts to process in Title 7
2025-09-22T11:10:06.601-04:00  INFO 85024 --- [o-auto-1-exec-2] c.u.regulations.service.EcfrApiService   : Processing Part 1
2025-09-22T11:10:06.646-04:00 DEBUG 85024 --- [o-auto-1-exec-2] org.hibernate.SQL                        : 
    select
        r1_0.id,
        r1_0.agency_name,
        r1_0.cfr_title,
        r1_0.content,
        r1_0.content_checksum,
        r1_0.created_at,
        r1_0.part_number,
        r1_0.title,
        r1_0.updated_at,
        r1_0.word_count 
    from
        regulations r1_0 
    where
        r1_0.cfr_title=? 
        and r1_0.part_number=?
Hibernate: 
    select
        r1_0.id,
        r1_0.agency_name,
        r1_0.cfr_title,
        r1_0.content,
        r1_0.content_checksum,
        r1_0.created_at,
        r1_0.part_number,
        r1_0.title,
        r1_0.updated_at,
        r1_0.word_count 
    from
        regulations r1_0 
    where
        r1_0.cfr_title=? 
        and r1_0.part_number=?
2025-09-22T11:10:06.691-04:00 DEBUG 85024 --- [o-auto-1-exec-2] org.hibernate.SQL                        : 
    insert 
    into
        regulations
        (agency_name,cfr_title,content,content_checksum,created_at,part_number,title,updated_at,word_count,id) 
    values
        (?,?,?,?,?,?,?,?,?,default)
Hibernate: 
    insert 
    into
        regulations
        (agency_name,cfr_title,content,content_checksum,created_at,part_number,title,updated_at,word_count,id) 
    values
        (?,?,?,?,?,?,?,?,?,default)
2025-09-22T11:10:06.925-04:00  INFO 85024 --- [o-auto-1-exec-2] c.u.regulations.service.EcfrApiService   : Processing Part 2
2025-09-22T11:10:06.945-04:00 DEBUG 85024 --- [o-auto-1-exec-2] org.hibernate.SQL                        : 
    select
        r1_0.id,
        r1_0.agency_name,
        r1_0.cfr_title,
        r1_0.content,
        r1_0.content_checksum,
        r1_0.created_at,
        r1_0.part_number,
        r1_0.title,
        r1_0.updated_at,
        r1_0.word_count 
    from
        regulations r1_0 
    where
        r1_0.cfr_title=? 
        and r1_0.part_number=?
Hibernate: 
    select
        r1_0.id,
        r1_0.agency_name,
        r1_0.cfr_title,
        r1_0.content,
        r1_0.content_checksum,
        r1_0.created_at,
        r1_0.part_number,
        r1_0.title,
        r1_0.updated_at,
        r1_0.word_count 
    from
        regulations r1_0 
    where
        r1_0.cfr_title=? 
        and r1_0.part_number=?
2025-09-22T11:10:06.947-04:00 DEBUG 85024 --- [o-auto-1-exec-2] org.hibernate.SQL                        : 
    insert 
    into
        regulations
        (agency_name,cfr_title,content,content_checksum,created_at,part_number,title,updated_at,word_count,id) 
    values
        (?,?,?,?,?,?,?,?,?,default)
Hibernate: 
    insert 
    into
        regulations
        (agency_name,cfr_title,content,content_checksum,created_at,part_number,title,updated_at,word_count,id) 
    values
        (?,?,?,?,?,?,?,?,?,default)
2025-09-22T11:10:07.156-04:00  INFO 85024 --- [o-auto-1-exec-2] c.u.regulations.service.EcfrApiService   : Processing Part 3
2025-09-22T11:10:07.176-04:00 DEBUG 85024 --- [o-auto-1-exec-2] org.hibernate.SQL                        : 
    select
        r1_0.id,
        r1_0.agency_name,
        r1_0.cfr_title,
        r1_0.content,
        r1_0.content_checksum,
        r1_0.created_at,
        r1_0.part_number,
        r1_0.title,
        r1_0.updated_at,
        r1_0.word_count 
    from
        regulations r1_0 
    where
        r1_0.cfr_title=? 
        and r1_0.part_number=?
Hibernate: 
    select
        r1_0.id,
        r1_0.agency_name,
        r1_0.cfr_title,
        r1_0.content,
        r1_0.content_checksum,
        r1_0.created_at,
        r1_0.part_number,
        r1_0.title,
        r1_0.updated_at,
        r1_0.word_count 
    from
        regulations r1_0 
    where
        r1_0.cfr_title=? 
        and r1_0.part_number=?
2025-09-22T11:10:07.177-04:00 DEBUG 85024 --- [o-auto-1-exec-2] org.hibernate.SQL                        : 
    insert 
    into
        regulations
        (agency_name,cfr_title,content,content_checksum,created_at,part_number,title,updated_at,word_count,id) 
    values
        (?,?,?,?,?,?,?,?,?,default)
Hibernate: 
    insert 
    into
        regulations
        (agency_name,cfr_title,content,content_checksum,created_at,part_number,title,updated_at,word_count,id) 
    values
        (?,?,?,?,?,?,?,?,?,default)
2025-09-22T11:10:07.390-04:00  INFO 85024 --- [o-auto-1-exec-2] c.u.regulations.service.EcfrApiService   : Processing Part 4
2025-09-22T11:10:07.410-04:00 DEBUG 85024 --- [o-auto-1-exec-2] org.hibernate.SQL                        : 
    select
        r1_0.id,
        r1_0.agency_name,
        r1_0.cfr_title,
        r1_0.content,
        r1_0.content_checksum,
        r1_0.created_at,
        r1_0.part_number,
        r1_0.title,
        r1_0.updated_at,
        r1_0.word_count 
    from
        regulations r1_0 
    where
        r1_0.cfr_title=? 
        and r1_0.part_number=?
Hibernate: 
    select
        r1_0.id,
        r1_0.agency_name,
        r1_0.cfr_title,
        r1_0.content,
        r1_0.content_checksum,
        r1_0.created_at,
        r1_0.part_number,
        r1_0.title,
        r1_0.updated_at,
        r1_0.word_count 
    from
        regulations r1_0 
    where
        r1_0.cfr_title=? 
        and r1_0.part_number=?
2025-09-22T11:10:07.411-04:00 DEBUG 85024 --- [o-auto-1-exec-2] org.hibernate.SQL                        : 
    insert 
    into
        regulations
        (agency_name,cfr_title,content,content_checksum,created_at,part_number,title,updated_at,word_count,id) 
    values
        (?,?,?,?,?,?,?,?,?,default)
Hibernate: 
    insert 
    into
        regulations
        (agency_name,cfr_title,content,content_checksum,created_at,part_number,title,updated_at,word_count,id) 
    values
        (?,?,?,?,?,?,?,?,?,default)
2025-09-22T11:10:07.623-04:00  INFO 85024 --- [o-auto-1-exec-2] c.u.regulations.service.EcfrApiService   : Processing Part 5
2025-09-22T11:10:07.642-04:00 DEBUG 85024 --- [o-auto-1-exec-2] org.hibernate.SQL                        : 
    select
        r1_0.id,
        r1_0.agency_name,
        r1_0.cfr_title,
        r1_0.content,
        r1_0.content_checksum,
        r1_0.created_at,
        r1_0.part_number,
        r1_0.title,
        r1_0.updated_at,
        r1_0.word_count 
    from
        regulations r1_0 
    where
        r1_0.cfr_title=? 
        and r1_0.part_number=?
Hibernate: 
    select
        r1_0.id,
        r1_0.agency_name,
        r1_0.cfr_title,
        r1_0.content,
        r1_0.content_checksum,
        r1_0.created_at,
        r1_0.part_number,
        r1_0.title,
        r1_0.updated_at,
        r1_0.word_count 
    from
        regulations r1_0 
    where
        r1_0.cfr_title=? 
        and r1_0.part_number=?
2025-09-22T11:10:07.643-04:00 DEBUG 85024 --- [o-auto-1-exec-2] org.hibernate.SQL                        : 
    insert 
    into
        regulations
        (agency_name,cfr_title,content,content_checksum,created_at,part_number,title,updated_at,word_count,id) 
    values
        (?,?,?,?,?,?,?,?,?,default)
Hibernate: 
    insert 
    into
        regulations
        (agency_name,cfr_title,content,content_checksum,created_at,part_number,title,updated_at,word_count,id) 
    values
        (?,?,?,?,?,?,?,?,?,default)
2025-09-22T11:10:07.857-04:00  INFO 85024 --- [o-auto-1-exec-2] c.u.regulations.service.EcfrApiService   : Reached maximum parts limit (5) for testing
2025-09-22T11:10:07.857-04:00  INFO 85024 --- [o-auto-1-exec-2] c.u.regulations.service.EcfrApiService   : Successfully processed 5 regulations for Title 7
2025-09-22T11:10:07.866-04:00 DEBUG 85024 --- [o-auto-1-exec-2] org.hibernate.SQL                        : 
    select
        count(*) 
    from
        regulations r1_0
Hibernate: 
    select
        count(*) 
    from
        regulations r1_0
2025-09-22T11:10:07.873-04:00 DEBUG 85024 --- [o-auto-1-exec-2] org.hibernate.SQL                        : 
    select
        count(r1_0.id) 
    from
        regulations r1_0 
    where
        r1_0.cfr_title=?
Hibernate: 
    select
        count(r1_0.id) 
    from
        regulations r1_0 
    where
        r1_0.cfr_title=?
2025-09-22T11:10:07.882-04:00 DEBUG 85024 --- [o-auto-1-exec-2] org.hibernate.SQL                        : 
    select
        coalesce(sum(r1_0.word_count),0) 
    from
        regulations r1_0 
    where
        r1_0.cfr_title=?
Hibernate: 
    select
        coalesce(sum(r1_0.word_count),0) 
    from
        regulations r1_0 
    where
        r1_0.cfr_title=?
2025-09-22T11:10:07.885-04:00  INFO 85024 --- [o-auto-1-exec-2] c.u.r.controller.TestController          : Download completed successfully in 2015ms
2025-09-22T11:10:07.927-04:00 DEBUG 85024 --- [o-auto-1-exec-1] org.hibernate.SQL                        : 
    select
        r1_0.id,
        r1_0.agency_name,
        r1_0.cfr_title,
        r1_0.content,
        r1_0.content_checksum,
        r1_0.created_at,
        r1_0.part_number,
        r1_0.title,
        r1_0.updated_at,
        r1_0.word_count 
    from
        regulations r1_0 
    where
        r1_0.cfr_title=? 
    order by
        r1_0.word_count desc
Hibernate: 
    select
        r1_0.id,
        r1_0.agency_name,
        r1_0.cfr_title,
        r1_0.content,
        r1_0.content_checksum,
        r1_0.created_at,
        r1_0.part_number,
        r1_0.title,
        r1_0.updated_at,
        r1_0.word_count 
    from
        regulations r1_0 
    where
        r1_0.cfr_title=? 
    order by
        r1_0.word_count desc
]]></system-out>
  </testcase>
</testsuite>