<?xml version="1.0" encoding="UTF-8"?>
<testsuite xmlns:xsi="http://www.w3.org/2001/XMLSchema-instance" xsi:noNamespaceSchemaLocation="https://maven.apache.org/surefire/maven-surefire-plugin/xsd/surefire-test-report-3.0.xsd" version="3.0" name="com.usds.regulations.security.RateLimitingServiceTest" time="10.689" tests="5" errors="0" skipped="0" failures="0">
  <properties>
[...]
</properties>
  <testcase name="testExportHeavyRateLimit" classname="com.usds.regulations.security.RateLimitingServiceTest" time="0.821">
    <system-out><![CDATA[21:43:46.506 [main] INFO org.springframework.test.context.support.AnnotationConfigContextLoaderUtils -- Could not detect default configuration classes for test class [com.usds.regulations.security.RateLimitingServiceTest]: RateLimitingServiceTest does not declare any static, non-private, non-final, nested classes annotated with @Configuration.
21:43:46.675 [main] INFO org.springframework.boot.test.context.SpringBootTestContextBootstrapper -- Found @SpringBootConfiguration com.usds.regulations.RegulationsApplication for test class com.usds.regulations.security.RateLimitingServiceTest

  .   ____          _            __ _ _
 /\\ / ___'_ __ _ _(_)_ __  __ _ \ \ \ \
( ( )\___ | '_ | '_| | '_ \/ _` | \ \ \ \
 \\/  ___)| |_)| | | | | || (_| |  ) ) ) )
  '  |____| .__|_| |_|_| |_\__, | / / / /
 =========|_|==============|___/=/_/_/_/
 :: Spring Boot ::                (v3.1.5)

2025-09-26T21:43:47.296-04:00  INFO 17708 --- [           main] c.u.r.security.RateLimitingServiceTest   : Starting RateLimitingServiceTest using Java 17.0.12 with PID 17708 (started by dnmor in C:\Users\dnmor\OneDrive\Public\Programming\DevOps2025\workspace\USDS _Regulatory_Analysis\backend)
2025-09-26T21:43:47.298-04:00  INFO 17708 --- [           main] c.u.r.security.RateLimitingServiceTest   : The following 1 profile is active: "test"
2025-09-26T21:43:48.390-04:00  INFO 17708 --- [           main] .s.d.r.c.RepositoryConfigurationDelegate : Bootstrapping Spring Data JPA repositories in DEFAULT mode.
2025-09-26T21:43:48.518-04:00  INFO 17708 --- [           main] .s.d.r.c.RepositoryConfigurationDelegate : Finished Spring Data repository scanning in 114 ms. Found 2 JPA repository interfaces.
2025-09-26T21:43:49.312-04:00  INFO 17708 --- [           main] o.hibernate.jpa.internal.util.LogHelper  : HHH000204: Processing PersistenceUnitInfo [name: default]
2025-09-26T21:43:49.450-04:00  INFO 17708 --- [           main] org.hibernate.Version                    : HHH000412: Hibernate ORM core version 6.2.13.Final
2025-09-26T21:43:49.454-04:00  INFO 17708 --- [           main] org.hibernate.cfg.Environment            : HHH000406: Using bytecode reflection optimizer
2025-09-26T21:43:50.015-04:00  INFO 17708 --- [           main] o.s.o.j.p.SpringPersistenceUnitInfo      : No LoadTimeWeaver setup: ignoring JPA class transformer
2025-09-26T21:43:50.098-04:00  INFO 17708 --- [           main] com.zaxxer.hikari.HikariDataSource       : HikariPool-1 - Starting...
2025-09-26T21:43:50.387-04:00  INFO 17708 --- [           main] com.zaxxer.hikari.pool.HikariPool        : HikariPool-1 - Added connection conn0: url=jdbc:h2:mem:testdb user=SA
2025-09-26T21:43:50.388-04:00  INFO 17708 --- [           main] com.zaxxer.hikari.HikariDataSource       : HikariPool-1 - Start completed.
2025-09-26T21:43:50.426-04:00  WARN 17708 --- [           main] org.hibernate.orm.deprecation            : HHH90000025: H2Dialect does not need to be specified explicitly using 'hibernate.dialect' (remove the property setting and it will be selected by default)
2025-09-26T21:43:51.749-04:00  INFO 17708 --- [           main] o.h.e.t.j.p.i.JtaPlatformInitiator       : HHH000489: No JTA platform available (set 'hibernate.transaction.jta.platform' to enable JTA platform integration)
2025-09-26T21:43:51.775-04:00 DEBUG 17708 --- [           main] org.hibernate.SQL                        : 
    drop table if exists regulation_relationships cascade 
Hibernate: 
    drop table if exists regulation_relationships cascade 
2025-09-26T21:43:51.781-04:00 DEBUG 17708 --- [           main] org.hibernate.SQL                        : 
    drop table if exists regulations cascade 
Hibernate: 
    drop table if exists regulations cascade 
2025-09-26T21:43:51.788-04:00 DEBUG 17708 --- [           main] org.hibernate.SQL                        : 
    create table regulation_relationships (
        is_confirmed BOOLEAN DEFAULT FALSE,
        similarity_score float(53),
        detected_at timestamp(6) not null,
        id bigint generated by default as identity,
        source_regulation_id bigint not null,
        target_regulation_id bigint not null,
        updated_at timestamp(6) not null,
        version bigint,
        conflict_severity varchar(20) check (conflict_severity in ('LOW','MEDIUM','HIGH','CRITICAL')),
        relationship_type varchar(50) not null check (relationship_type in ('REDUNDANT','CONFLICTING','COMPLEMENTARY','SUPERSEDING','REFERENCED','OVERLAPPING','DEPENDENT')),
        detected_by varchar(100),
        overlap_details TEXT,
        review_notes TEXT,
        primary key (id),
        constraint uk_source_target unique (source_regulation_id, target_regulation_id)
    )
Hibernate: 
    create table regulation_relationships (
        is_confirmed BOOLEAN DEFAULT FALSE,
        similarity_score float(53),
        detected_at timestamp(6) not null,
        id bigint generated by default as identity,
        source_regulation_id bigint not null,
        target_regulation_id bigint not null,
        updated_at timestamp(6) not null,
        version bigint,
        conflict_severity varchar(20) check (conflict_severity in ('LOW','MEDIUM','HIGH','CRITICAL')),
        relationship_type varchar(50) not null check (relationship_type in ('REDUNDANT','CONFLICTING','COMPLEMENTARY','SUPERSEDING','REFERENCED','OVERLAPPING','DEPENDENT')),
        detected_by varchar(100),
        overlap_details TEXT,
        review_notes TEXT,
        primary key (id),
        constraint uk_source_target unique (source_regulation_id, target_regulation_id)
    )
2025-09-26T21:43:51.815-04:00 DEBUG 17708 --- [           main] org.hibernate.SQL                        : 
    create table regulations (
        amendment_count integer,
        cfr_title integer not null,
        last_updated_on date,
        latest_amended_on date,
        latest_issue_date date,
        word_count integer,
        created_at timestamp(6),
        ecfr_last_modified timestamp(6),
        id bigint generated by default as identity,
        updated_at timestamp(6),
        part_number varchar(50) not null,
        content_checksum varchar(64),
        source_url varchar(500),
        title varchar(1000) not null,
        agency_name varchar(255),
        content TEXT,
        primary key (id)
    )
Hibernate: 
    create table regulations (
        amendment_count integer,
        cfr_title integer not null,
        last_updated_on date,
        latest_amended_on date,
        latest_issue_date date,
        word_count integer,
        created_at timestamp(6),
        ecfr_last_modified timestamp(6),
        id bigint generated by default as identity,
        updated_at timestamp(6),
        part_number varchar(50) not null,
        content_checksum varchar(64),
        source_url varchar(500),
        title varchar(1000) not null,
        agency_name varchar(255),
        content TEXT,
        primary key (id)
    )
2025-09-26T21:43:51.819-04:00 DEBUG 17708 --- [           main] org.hibernate.SQL                        : 
    create index idx_source_regulation 
       on regulation_relationships (source_regulation_id)
Hibernate: 
    create index idx_source_regulation 
       on regulation_relationships (source_regulation_id)
2025-09-26T21:43:51.820-04:00 DEBUG 17708 --- [           main] org.hibernate.SQL                        : 
    create index idx_target_regulation 
       on regulation_relationships (target_regulation_id)
Hibernate: 
    create index idx_target_regulation 
       on regulation_relationships (target_regulation_id)
2025-09-26T21:43:51.820-04:00 DEBUG 17708 --- [           main] org.hibernate.SQL                        : 
    create index idx_relationship_type 
       on regulation_relationships (relationship_type)
Hibernate: 
    create index idx_relationship_type 
       on regulation_relationships (relationship_type)
2025-09-26T21:43:51.821-04:00 DEBUG 17708 --- [           main] org.hibernate.SQL                        : 
    create index idx_similarity_score 
       on regulation_relationships (similarity_score)
Hibernate: 
    create index idx_similarity_score 
       on regulation_relationships (similarity_score)
2025-09-26T21:43:51.821-04:00 DEBUG 17708 --- [           main] org.hibernate.SQL                        : 
    create index idx_conflict_severity 
       on regulation_relationships (conflict_severity)
Hibernate: 
    create index idx_conflict_severity 
       on regulation_relationships (conflict_severity)
2025-09-26T21:43:51.822-04:00 DEBUG 17708 --- [           main] org.hibernate.SQL                        : 
    create index idx_detected_at 
       on regulation_relationships (detected_at)
Hibernate: 
    create index idx_detected_at 
       on regulation_relationships (detected_at)
2025-09-26T21:43:51.823-04:00 DEBUG 17708 --- [           main] org.hibernate.SQL                        : 
    create index idx_cfr_title 
       on regulations (cfr_title)
Hibernate: 
    create index idx_cfr_title 
       on regulations (cfr_title)
2025-09-26T21:43:51.824-04:00 DEBUG 17708 --- [           main] org.hibernate.SQL                        : 
    create index idx_part_number 
       on regulations (part_number)
Hibernate: 
    create index idx_part_number 
       on regulations (part_number)
2025-09-26T21:43:51.825-04:00 DEBUG 17708 --- [           main] org.hibernate.SQL                        : 
    create index idx_cfr_title_part 
       on regulations (cfr_title, part_number)
Hibernate: 
    create index idx_cfr_title_part 
       on regulations (cfr_title, part_number)
2025-09-26T21:43:51.829-04:00  INFO 17708 --- [           main] j.LocalContainerEntityManagerFactoryBean : Initialized JPA EntityManagerFactory for persistence unit 'default'
2025-09-26T21:43:52.545-04:00  INFO 17708 --- [           main] o.s.d.j.r.query.QueryEnhancerFactory     : Hibernate is in classpath; If applicable, HQL parser will be used.
2025-09-26T21:43:54.504-04:00  WARN 17708 --- [           main] JpaBaseConfiguration$JpaWebConfiguration : spring.jpa.open-in-view is enabled by default. Therefore, database queries may be performed during view rendering. Explicitly configure spring.jpa.open-in-view to disable this warning
2025-09-26T21:43:55.047-04:00  INFO 17708 --- [           main] o.s.s.web.DefaultSecurityFilterChain     : Will secure any request with [org.springframework.security.web.session.DisableEncodeUrlFilter@76600c90, org.springframework.security.web.context.request.async.WebAsyncManagerIntegrationFilter@64f0271e, org.springframework.security.web.context.SecurityContextHolderFilter@564d5883, org.springframework.security.web.header.HeaderWriterFilter@1a958d2a, org.springframework.web.filter.CorsFilter@1222d0e4, org.springframework.security.web.authentication.logout.LogoutFilter@40ee8512, org.springframework.security.web.savedrequest.RequestCacheAwareFilter@6ad51d91, org.springframework.security.web.servletapi.SecurityContextHolderAwareRequestFilter@94af25, org.springframework.security.web.authentication.AnonymousAuthenticationFilter@7746ae18, org.springframework.security.web.session.SessionManagementFilter@71d85b53, org.springframework.security.web.access.ExceptionTranslationFilter@52ebb73a, org.springframework.security.web.access.intercept.AuthorizationFilter@5ef99f75]
2025-09-26T21:43:55.919-04:00  INFO 17708 --- [           main] o.s.b.a.h2.H2ConsoleAutoConfiguration    : H2 console available at '/h2-console'. Database available at 'jdbc:h2:mem:testdb'
2025-09-26T21:43:56.020-04:00  INFO 17708 --- [           main] c.u.r.security.RateLimitingServiceTest   : Started RateLimitingServiceTest in 9.121 seconds (process running for 10.492)
]]></system-out>
  </testcase>
  <testcase name="testApiGeneralRateLimit" classname="com.usds.regulations.security.RateLimitingServiceTest" time="0.006"/>
  <testcase name="testDifferentClientsIndependentLimits" classname="com.usds.regulations.security.RateLimitingServiceTest" time="0.005"/>
  <testcase name="testClearRateLimit" classname="com.usds.regulations.security.RateLimitingServiceTest" time="0.005"/>
  <testcase name="testAuthSensitiveRateLimit" classname="com.usds.regulations.security.RateLimitingServiceTest" time="0.005"/>
</testsuite>